2026-03-17 11:23:12,383 [INFO] Base de dados SQLite inicializada.
2026-03-17 11:23:12,384 [INFO] Iniciando monitor de passagens
2026-03-17 11:23:16,935 [ERROR] Erro token Amadeus
2026-03-17 11:23:16,936 [ERROR] Erro token Amadeus
2026-03-17 11:23:17,451 [ERROR] Erro token Amadeus
2026-03-17 11:23:25,317 [ERROR] Erro token Amadeus
2026-03-17 11:23:42,462 [ERROR] Erro token Amadeus
2026-03-17 14:33:42,729 [INFO] Base de dados SQLite inicializada em: C:\alerta-passagens-gyn-main\data\passagens.db
2026-03-17 14:33:42,730 [INFO] --- Monitor FlightHunter (Google Search Engine) Iniciado ---
2026-03-17 14:33:42,731 [INFO] Buscando: GYN -> FLN para 2026-04-04
2026-03-17 14:33:42,731 [INFO] Buscando: GYN -> SDU para 2026-05-13
2026-03-17 14:33:42,732 [INFO] Buscando: GYN -> GIG para 2026-04-22
2026-03-17 14:33:44,472 [WARNING] Nenhum voo encontrado para FLN
2026-03-17 14:33:44,475 [WARNING] Nenhum voo encontrado para SDU
2026-03-17 14:33:44,477 [WARNING] Nenhum voo encontrado para GIG
2026-03-17 14:33:44,477 [INFO] --- Monitor Finalizado ---
2026-03-17 14:38:49,593 [INFO] Base de dados SQLite inicializada em: C:\alerta-passagens-gyn-main\data\passagens.db
2026-03-17 14:38:49,593 [INFO] --- Monitor FlightHunter (Google Search Engine) Iniciado ---
2026-03-17 14:38:49,594 [INFO] Buscando: GYN -> BSB para 2026-04-29
2026-03-17 14:38:49,595 [INFO] Buscando: GYN -> SDU para 2026-05-02
2026-03-17 14:38:49,595 [INFO] Buscando: GYN -> NAT para 2026-04-28
2026-03-17 14:38:50,447 [WARNING] Nenhum voo encontrado para SDU
2026-03-17 14:38:50,449 [WARNING] Nenhum voo encontrado para BSB
2026-03-17 14:38:50,449 [WARNING] Nenhum voo encontrado para NAT
2026-03-17 14:38:50,450 [INFO] --- Monitor Finalizado ---
2026-03-17 14:43:43,499 [INFO] Base de dados SQLite inicializada em: C:\alerta-passagens-gyn-main\data\passagens.db
2026-03-17 14:43:43,499 [INFO] --- Monitor FlightHunter Iniciado ---
2026-03-17 14:43:43,500 [INFO] Buscando: GYN -> POA para 2026-04-21
2026-03-17 14:43:43,500 [INFO] Buscando: GYN -> SSA para 2026-05-03
2026-03-17 14:43:43,501 [INFO] Buscando: GYN -> FOR para 2026-04-19
2026-03-17 14:43:48,933 [INFO] --- Monitor Finalizado ---
2026-03-17 14:47:35,512 [INFO] Base de dados SQLite inicializada em: C:\alerta-passagens-gyn-main\data\passagens.db
2026-03-17 14:47:35,512 [INFO] --- Monitor FlightHunter Iniciado ---
2026-03-17 14:47:35,513 [INFO] Buscando: GYN -> SSA para 2026-04-05
2026-03-17 14:47:35,514 [INFO] Buscando: GYN -> CWB para 2026-05-09
2026-03-17 14:47:35,515 [INFO] Buscando: GYN -> BSB para 2026-04-01
2026-03-17 14:47:38,840 [INFO] --- Monitor Finalizado ---
2026-03-17 14:49:27,032 [INFO] Base de dados SQLite inicializada em: C:\alerta-passagens-gyn-main\data\passagens.db
2026-03-17 14:49:27,032 [INFO] --- Monitor FlightHunter Iniciado ---
2026-03-17 14:49:27,033 [INFO] Buscando: GYN -> REC para 2026-04-03
2026-03-17 14:49:27,036 [INFO] Buscando: GYN -> FOR para 2026-05-05
2026-03-17 14:49:27,036 [INFO] Buscando: GYN -> MCZ para 2026-04-22
2026-03-17 14:49:29,617 [INFO] --- Monitor Finalizado ---
2026-03-17 14:57:28,059 [INFO] Base de dados SQLite inicializada em: C:\alerta-passagens-gyn-main\data\passagens.db
2026-03-17 14:57:28,060 [INFO] --- Monitor FlightHunter (Smart Pricing) Iniciado ---
2026-03-17 14:57:28,061 [INFO] Buscando: GYN -> NAT para 2026-05-11 (Teto: R$ 900.0)
2026-03-17 14:57:28,062 [INFO] Buscando: GYN -> FLN para 2026-04-11 (Teto: R$ 550.0)
2026-03-17 14:57:28,063 [INFO] Buscando: GYN -> SSA para 2026-04-27 (Teto: R$ 700.0)
2026-03-17 14:57:40,344 [INFO] --- Monitor Finalizado ---
2026-03-17 15:01:29,864 [INFO] Base de dados SQLite inicializada em: C:\alerta-passagens-gyn-main\data\passagens.db
2026-03-17 15:01:29,865 [INFO] --- Monitor FlightHunter (Smart Pricing) Iniciado ---
2026-03-17 15:01:29,866 [INFO] Buscando: GYN -> NAT para 2026-04-12 (Teto: R$ 900.0)
2026-03-17 15:01:29,867 [INFO] Buscando: GYN -> FOR para 2026-04-27 (Teto: R$ 950.0)
2026-03-17 15:01:29,868 [INFO] Buscando: GYN -> POA para 2026-05-06 (Teto: R$ 600.0)
2026-03-17 15:01:43,896 [INFO] --- Monitor Finalizado ---
